Determining if the pthread_create exist failed with the following output:
Change Dir: /home/harsh/Desktop/Biosystems/build/CMakeFiles/CMakeTmp

Run Build Command:"/usr/bin/make" "cmTC_bb81d/fast"
/usr/bin/make -f CMakeFiles/cmTC_bb81d.dir/build.make CMakeFiles/cmTC_bb81d.dir/build
make[1]: Entering directory '/home/harsh/Desktop/Biosystems/build/CMakeFiles/CMakeTmp'
Building C object CMakeFiles/cmTC_bb81d.dir/CheckSymbolExists.c.o
/usr/bin/cc     -o CMakeFiles/cmTC_bb81d.dir/CheckSymbolExists.c.o   -c /home/harsh/Desktop/Biosystems/build/CMakeFiles/CMakeTmp/CheckSymbolExists.c
Linking C executable cmTC_bb81d
/usr/bin/cmake -E cmake_link_script CMakeFiles/cmTC_bb81d.dir/link.txt --verbose=1
/usr/bin/cc       CMakeFiles/cmTC_bb81d.dir/CheckSymbolExists.c.o  -o cmTC_bb81d -rdynamic 
CMakeFiles/cmTC_bb81d.dir/CheckSymbolExists.c.o: In function `main':
CheckSymbolExists.c:(.text+0x16): undefined reference to `pthread_create'
collect2: error: ld returned 1 exit status
CMakeFiles/cmTC_bb81d.dir/build.make:97: recipe for target 'cmTC_bb81d' failed
make[1]: *** [cmTC_bb81d] Error 1
make[1]: Leaving directory '/home/harsh/Desktop/Biosystems/build/CMakeFiles/CMakeTmp'
Makefile:126: recipe for target 'cmTC_bb81d/fast' failed
make: *** [cmTC_bb81d/fast] Error 2

File /home/harsh/Desktop/Biosystems/build/CMakeFiles/CMakeTmp/CheckSymbolExists.c:
/* */
#include <pthread.h>

int main(int argc, char** argv)
{
  (void)argv;
#ifndef pthread_create
  return ((int*)(&pthread_create))[argc];
#else
  (void)argc;
  return 0;
#endif
}

Determining if the function pthread_create exists in the pthreads failed with the following output:
Change Dir: /home/harsh/Desktop/Biosystems/build/CMakeFiles/CMakeTmp

Run Build Command:"/usr/bin/make" "cmTC_2c02e/fast"
/usr/bin/make -f CMakeFiles/cmTC_2c02e.dir/build.make CMakeFiles/cmTC_2c02e.dir/build
make[1]: Entering directory '/home/harsh/Desktop/Biosystems/build/CMakeFiles/CMakeTmp'
Building C object CMakeFiles/cmTC_2c02e.dir/CheckFunctionExists.c.o
/usr/bin/cc    -DCHECK_FUNCTION_EXISTS=pthread_create   -o CMakeFiles/cmTC_2c02e.dir/CheckFunctionExists.c.o   -c /usr/share/cmake-3.5/Modules/CheckFunctionExists.c
Linking C executable cmTC_2c02e
/usr/bin/cmake -E cmake_link_script CMakeFiles/cmTC_2c02e.dir/link.txt --verbose=1
/usr/bin/cc   -DCHECK_FUNCTION_EXISTS=pthread_create    CMakeFiles/cmTC_2c02e.dir/CheckFunctionExists.c.o  -o cmTC_2c02e -rdynamic -lpthreads 
/usr/bin/ld: cannot find -lpthreads
collect2: error: ld returned 1 exit status
CMakeFiles/cmTC_2c02e.dir/build.make:97: recipe for target 'cmTC_2c02e' failed
make[1]: *** [cmTC_2c02e] Error 1
make[1]: Leaving directory '/home/harsh/Desktop/Biosystems/build/CMakeFiles/CMakeTmp'
Makefile:126: recipe for target 'cmTC_2c02e/fast' failed
make: *** [cmTC_2c02e/fast] Error 2


